<?xml version="1.0" encoding="UTF-8"?>
<!-- Generated by org.testng.reporters.JUnitReportReporter -->
<testsuite hostname="WINDOWS-7LD1G3T" failures="0" tests="1" name="com.google.testCases.TC_AutoSuggestions_002" time="5.820" errors="0" timestamp="2021-07-22T15:47:59 PDT" skipped="0">
  <testcase classname="com.google.testCases.TC_AutoSuggestions_002" name="autoSuggestionsSingleKwTest" time="5.820"/>
  <system-out/>
</testsuite> <!-- com.google.testCases.TC_AutoSuggestions_002 -->
