<?xml version="1.0" encoding="UTF-8"?>
<!-- Generated by org.testng.reporters.JUnitReportReporter -->
<testsuite hostname="WINDOWS-7LD1G3T" failures="0" tests="1" name="com.google.testCases.TC_Search_Videos_007" time="3.598" errors="0" timestamp="2021-07-26T07:43:21 PDT" skipped="0">
  <testcase classname="com.google.testCases.TC_Search_Videos_007" name="VideoSearchTest" time="3.598"/>
  <system-out/>
</testsuite> <!-- com.google.testCases.TC_Search_Videos_007 -->
