<?xml version="1.0" encoding="UTF-8"?>
<!-- Generated by org.testng.reporters.JUnitReportReporter -->
<testsuite hostname="WINDOWS-7LD1G3T" failures="0" tests="1" name="com.google.testCases.TC_Search_MisspelledKw_003" time="2.599" errors="0" timestamp="2021-07-25T07:41:26 PDT" skipped="0">
  <testcase classname="com.google.testCases.TC_Search_MisspelledKw_003" name="KwCorrectionTest" time="2.599"/>
  <system-out/>
</testsuite> <!-- com.google.testCases.TC_Search_MisspelledKw_003 -->
