<?xml version="1.0" encoding="UTF-8"?>
<!-- Generated by org.testng.reporters.JUnitReportReporter -->
<testsuite hostname="WINDOWS-7LD1G3T" failures="0" tests="1" name="com.google.testCases.TC_Search_Images_006" time="4.315" errors="0" timestamp="2021-07-26T07:50:53 PDT" skipped="0">
  <testcase classname="com.google.testCases.TC_Search_Images_006" name="ImageSearchTest" time="4.315"/>
  <system-out/>
</testsuite> <!-- com.google.testCases.TC_Search_Images_006 -->
