<?xml version="1.0" encoding="UTF-8"?>
<!-- Generated by org.testng.reporters.JUnitReportReporter -->
<testsuite hostname="WINDOWS-7LD1G3T" failures="0" tests="1" name="com.google.testCases.TC_Search_Calculator_008" time="2.805" errors="0" timestamp="2021-07-26T07:55:56 PDT" skipped="0">
  <testcase classname="com.google.testCases.TC_Search_Calculator_008" name="VideoSearchTest" time="2.805"/>
  <system-out/>
</testsuite> <!-- com.google.testCases.TC_Search_Calculator_008 -->
