<?xml version="1.0" encoding="UTF-8"?>
<!-- Generated by org.testng.reporters.JUnitReportReporter -->
<testsuite hostname="WINDOWS-7LD1G3T" failures="0" tests="1" name="com.google.testCases.TC_Search_Maps_009" time="8.133" errors="0" timestamp="2021-07-26T08:40:28 PDT" skipped="0">
  <testcase classname="com.google.testCases.TC_Search_Maps_009" name="MapsSearchTest" time="8.133"/>
  <system-out/>
</testsuite> <!-- com.google.testCases.TC_Search_Maps_009 -->
