<?xml version="1.0" encoding="UTF-8"?>
<!-- Generated by org.testng.reporters.JUnitReportReporter -->
<testsuite hostname="WINDOWS-7LD1G3T" failures="0" tests="1" name="com.google.testCases.TC_Search_VideosBtn" time="8.396" errors="0" timestamp="2021-07-25T10:24:11 PDT" skipped="0">
  <testcase classname="com.google.testCases.TC_Search_VideosBtn" name="MapsBtnTest" time="8.396"/>
  <system-out/>
</testsuite> <!-- com.google.testCases.TC_Search_VideosBtn -->
