<?xml version="1.0" encoding="UTF-8"?>
<!-- Generated by org.testng.reporters.JUnitReportReporter -->
<testsuite hostname="WINDOWS-7LD1G3T" failures="0" tests="1" name="com.google.testCases.TC_Search_NonExKw_004" time="1.426" errors="0" timestamp="2021-07-25T07:26:57 PDT" skipped="0">
  <testcase classname="com.google.testCases.TC_Search_NonExKw_004" name="NonexKeywordTest" time="1.426"/>
  <system-out/>
</testsuite> <!-- com.google.testCases.TC_Search_NonExKw_004 -->
