<?xml version="1.0" encoding="UTF-8"?>
<!-- Generated by org.testng.reporters.JUnitReportReporter -->
<testsuite hostname="WINDOWS-7LD1G3T" failures="0" tests="1" name="com.google.testCases.TC_Search_MathKw_005" time="1.900" errors="0" timestamp="2021-07-25T07:55:11 PDT" skipped="0">
  <testcase classname="com.google.testCases.TC_Search_MathKw_005" name="MathKwTest" time="1.900"/>
  <system-out/>
</testsuite> <!-- com.google.testCases.TC_Search_MathKw_005 -->
