<?xml version="1.0" encoding="UTF-8"?>
<!-- Generated by org.testng.reporters.JUnitReportReporter -->
<testsuite hostname="WINDOWS-7LD1G3T" failures="0" tests="1" name="com.google.testCases.TC_Search_Correction_003" time="5.058" errors="0" timestamp="2021-07-24T15:26:47 PDT" skipped="0">
  <testcase classname="com.google.testCases.TC_Search_Correction_003" name="KwCorrectionTest" time="5.058"/>
  <system-out/>
</testsuite> <!-- com.google.testCases.TC_Search_Correction_003 -->
